<?xml version="1.0" encoding="UTF-8"?>
<!-- Generated by org.testng.reporters.JUnitReportReporter -->
<testsuite hostname="Ahmad" failures="0" tests="1" name="JavaPkg.interview" time="0.011" errors="0" timestamp="2024-11-06T23:14:58 EST" skipped="0">
  <testcase classname="JavaPkg.interview" name="testing" time="0.011"/>
  <system-out/>
</testsuite> <!-- JavaPkg.interview -->
