<?xml version="1.0" encoding="UTF-8"?>
<!-- Generated by org.testng.reporters.JUnitReportReporter -->
<testsuite hostname="Ahmad" failures="0" tests="1" name="Inheritance_using_TestNG.Pchild" time="0.008" errors="0" timestamp="2024-11-26T21:23:35 EST" skipped="0">
  <testcase classname="Inheritance_using_TestNG.Pchild" name="execute" time="0.008"/>
  <system-out/>
</testsuite> <!-- Inheritance_using_TestNG.Pchild -->
