<?xml version="1.0" encoding="UTF-8"?>
<!-- Generated by org.testng.reporters.JUnitReportReporter -->
<testsuite hostname="Ahmad" failures="0" tests="1" name="JavaPkg.testingzzzzz" time="0.014" errors="0" timestamp="2024-10-16T09:55:26 EDT" skipped="0">
  <testcase classname="JavaPkg.testingzzzzz" name="P_Test" time="0.014"/>
  <system-out/>
</testsuite> <!-- JavaPkg.testingzzzzz -->
