<?xml version="1.0" encoding="UTF-8"?>
<!-- Generated by org.testng.reporters.JUnitReportReporter -->
<testsuite hostname="Aelaina" failures="0" tests="3" name="JavaPkg.E_Strings" time="0.009" errors="0" timestamp="2023-09-13T18:42:16 EDT" skipped="2">
  <testcase classname="JavaPkg.E_Strings" name="StrinsSplitting" time="0.009"/>
  <system-out/>
  <testcase classname="JavaPkg.E_Strings" name="StringBasicsTwo">
    <skipped/>
  </testcase> <!-- StringBasicsTwo -->
  <system-out/>
  <testcase classname="JavaPkg.E_Strings" name="StringsBasicsOne">
    <skipped/>
  </testcase> <!-- StringsBasicsOne -->
  <system-out/>
</testsuite> <!-- JavaPkg.E_Strings -->
