<?xml version="1.0" encoding="UTF-8"?>
<!-- Generated by org.testng.reporters.JUnitReportReporter -->
<testsuite hostname="Ahmad" failures="0" tests="1" name="JavaPkg.D_2_Static_methods2" time="0.011" errors="0" timestamp="2024-11-05T22:32:49 EST" skipped="0">
  <testcase classname="JavaPkg.D_2_Static_methods2" name="D_write" time="0.011"/>
  <system-out/>
</testsuite> <!-- JavaPkg.D_2_Static_methods2 -->
