<?xml version="1.0" encoding="UTF-8"?>
<!-- Generated by org.testng.reporters.JUnitReportReporter -->
<testsuite hostname="Ahmad" failures="0" tests="1" name="JavaPkg.testingzzzzz" time="0.010" errors="0" timestamp="2024-09-27T02:15:19 EDT" skipped="0">
  <testcase classname="JavaPkg.testingzzzzz" name="test" time="0.010"/>
  <system-out/>
</testsuite> <!-- JavaPkg.testingzzzzz -->
