<?xml version="1.0" encoding="UTF-8"?>
<!-- Generated by org.testng.reporters.JUnitReportReporter -->
<testsuite hostname="Ahmad" failures="0" tests="4" name="JavaPkg.E_Strings" time="0.010" errors="0" timestamp="2024-05-15T12:39:00 EDT" skipped="1">
  <testcase classname="JavaPkg.E_Strings" name="StrinsSplitting_A" time="0.001"/>
  <system-out/>
  <testcase classname="JavaPkg.E_Strings" name="StringsBasicsOne" time="0.009"/>
  <system-out/>
  <testcase classname="JavaPkg.E_Strings" name="StrinsSplitting_B" time="0.000"/>
  <system-out/>
  <testcase classname="JavaPkg.E_Strings" name="StringBasicsTwo">
    <skipped/>
  </testcase> <!-- StringBasicsTwo -->
  <system-out/>
</testsuite> <!-- JavaPkg.E_Strings -->
