<?xml version="1.0" encoding="UTF-8"?>
<!-- Generated by org.testng.reporters.JUnitReportReporter -->
<testsuite hostname="Ahmad" failures="0" tests="3" name="JavaPkg.U_dataProvider" time="0.007" errors="0" timestamp="2024-11-04T23:07:16 EST" skipped="0">
  <testcase classname="JavaPkg.U_dataProvider" name="login" time="0.000"/>
  <system-out/>
  <testcase classname="JavaPkg.U_dataProvider" name="login" time="0.006"/>
  <system-out/>
  <testcase classname="JavaPkg.U_dataProvider" name="login" time="0.001"/>
  <system-out/>
</testsuite> <!-- JavaPkg.U_dataProvider -->
