<?xml version="1.0" encoding="UTF-8"?>
<!-- Generated by org.testng.reporters.JUnitReportReporter -->
<testsuite hostname="Ahmad" failures="0" tests="2" name="JavaPkg.H_arrays" time="0.009" errors="0" timestamp="2024-10-16T08:04:46 EDT" skipped="0">
  <testcase classname="JavaPkg.H_arrays" name="codingTest" time="0.008"/>
  <system-out/>
  <testcase classname="JavaPkg.H_arrays" name="practice" time="0.001"/>
  <system-out/>
</testsuite> <!-- JavaPkg.H_arrays -->
