<?xml version="1.0" encoding="UTF-8"?>
<!-- Generated by org.testng.reporters.JUnitReportReporter -->
<testsuite hostname="Ahmad" failures="0" tests="4" name="JavaPkg.E_Strings" time="0.012" errors="0" timestamp="2024-09-25T01:29:53 EDT" skipped="2">
  <testcase classname="JavaPkg.E_Strings" name="StringBasicsTwo" time="0.010"/>
  <system-out/>
  <testcase classname="JavaPkg.E_Strings" name="StringSplitting_A" time="0.002"/>
  <system-out/>
  <testcase classname="JavaPkg.E_Strings" name="StringsBasicsOne">
    <skipped/>
  </testcase> <!-- StringsBasicsOne -->
  <system-out/>
  <testcase classname="JavaPkg.E_Strings" name="StrinsSplitting_B">
    <skipped/>
  </testcase> <!-- StrinsSplitting_B -->
  <system-out/>
</testsuite> <!-- JavaPkg.E_Strings -->
