<?xml version="1.0" encoding="UTF-8"?>
<!-- Generated by org.testng.reporters.JUnitReportReporter -->
<testsuite hostname="Ahmad" failures="0" tests="1" name="ThisKeyword.A_demo" time="0.008" errors="0" timestamp="2024-05-05T02:03:35 EDT" skipped="0">
  <testcase classname="ThisKeyword.A_demo" name="getData" time="0.008"/>
  <system-out/>
</testsuite> <!-- ThisKeyword.A_demo -->
