<?xml version="1.0" encoding="UTF-8"?>
<!-- Generated by org.testng.reporters.JUnitReportReporter -->
<testsuite hostname="Ahmad" failures="0" tests="1" name="JavaPkg.testingzzzzz" time="0.009" errors="0" timestamp="2024-10-09T22:21:35 EDT" skipped="0">
  <testcase classname="JavaPkg.testingzzzzz" name="P_StreamsTest" time="0.009"/>
  <system-out/>
</testsuite> <!-- JavaPkg.testingzzzzz -->
